{"C:\\Users\\Valentin\\team9-webcomponent\\CoreHello.js":{"path":"C:\\Users\\Valentin\\team9-webcomponent\\CoreHello.js","s":{"1":0,"2":0,"3":0,"4":0,"5":0,"6":0,"7":0,"8":0,"9":0,"10":0,"11":0,"12":0,"13":0,"14":0,"15":0,"16":0,"17":0,"18":0,"19":0,"20":0,"21":0,"22":0,"23":0,"24":0,"25":0,"26":0,"27":0,"28":0,"29":0,"30":0,"31":0,"32":0,"33":0,"34":0,"35":0,"36":0,"37":0,"38":0,"39":0,"40":0,"41":0,"42":0,"43":0,"44":0,"45":0,"46":0,"47":0,"48":0,"49":0,"50":0,"51":0,"52":0,"53":0},"b":{"1":[0,0],"2":[0,0],"3":[0,0],"4":[0,0],"5":[0,0],"6":[0,0],"7":[0,0],"8":[0,0]},"f":{"1":0,"2":0,"3":0,"4":0,"5":0,"6":0,"7":0,"8":0,"9":0},"fnMap":{"1":{"name":"(anonymous_1)","line":11,"loc":{"start":{"line":11,"column":13},"end":{"line":11,"column":16}}},"2":{"name":"(anonymous_2)","line":20,"loc":{"start":{"line":20,"column":13},"end":{"line":20,"column":19}}},"3":{"name":"(anonymous_3)","line":32,"loc":{"start":{"line":32,"column":10},"end":{"line":32,"column":13}}},"4":{"name":"(anonymous_4)","line":41,"loc":{"start":{"line":41,"column":10},"end":{"line":41,"column":16}}},"5":{"name":"(anonymous_5)","line":53,"loc":{"start":{"line":53,"column":10},"end":{"line":53,"column":13}}},"6":{"name":"(anonymous_6)","line":62,"loc":{"start":{"line":62,"column":10},"end":{"line":62,"column":16}}},"7":{"name":"(anonymous_7)","line":74,"loc":{"start":{"line":74,"column":14},"end":{"line":74,"column":17}}},"8":{"name":"(anonymous_8)","line":83,"loc":{"start":{"line":83,"column":14},"end":{"line":83,"column":20}}},"9":{"name":"(anonymous_9)","line":94,"loc":{"start":{"line":94,"column":14},"end":{"line":94,"column":17}}}},"statementMap":{"1":{"start":{"line":12,"column":4},"end":{"line":12,"column":40}},"2":{"start":{"line":21,"column":4},"end":{"line":25,"column":5}},"3":{"start":{"line":22,"column":6},"end":{"line":22,"column":39}},"4":{"start":{"line":24,"column":6},"end":{"line":24,"column":38}},"5":{"start":{"line":33,"column":4},"end":{"line":33,"column":37}},"6":{"start":{"line":42,"column":4},"end":{"line":46,"column":5}},"7":{"start":{"line":43,"column":6},"end":{"line":43,"column":37}},"8":{"start":{"line":45,"column":6},"end":{"line":45,"column":35}},"9":{"start":{"line":54,"column":4},"end":{"line":54,"column":37}},"10":{"start":{"line":63,"column":4},"end":{"line":67,"column":5}},"11":{"start":{"line":64,"column":6},"end":{"line":64,"column":37}},"12":{"start":{"line":66,"column":6},"end":{"line":66,"column":35}},"13":{"start":{"line":75,"column":4},"end":{"line":75,"column":41}},"14":{"start":{"line":84,"column":4},"end":{"line":88,"column":5}},"15":{"start":{"line":85,"column":6},"end":{"line":85,"column":41}},"16":{"start":{"line":87,"column":6},"end":{"line":87,"column":39}},"17":{"start":{"line":95,"column":4},"end":{"line":95,"column":12}},"18":{"start":{"line":97,"column":4},"end":{"line":101,"column":35}},"19":{"start":{"line":104,"column":4},"end":{"line":104,"column":57}},"20":{"start":{"line":107,"column":4},"end":{"line":110,"column":5}},"21":{"start":{"line":108,"column":6},"end":{"line":108,"column":92}},"22":{"start":{"line":109,"column":6},"end":{"line":109,"column":36}},"23":{"start":{"line":113,"column":4},"end":{"line":113,"column":30}},"24":{"start":{"line":114,"column":4},"end":{"line":116,"column":5}},"25":{"start":{"line":115,"column":6},"end":{"line":115,"column":35}},"26":{"start":{"line":119,"column":4},"end":{"line":119,"column":17}},"27":{"start":{"line":120,"column":4},"end":{"line":122,"column":5}},"28":{"start":{"line":121,"column":6},"end":{"line":121,"column":46}},"29":{"start":{"line":124,"column":4},"end":{"line":124,"column":17}},"30":{"start":{"line":125,"column":4},"end":{"line":127,"column":5}},"31":{"start":{"line":126,"column":6},"end":{"line":126,"column":51}},"32":{"start":{"line":129,"column":4},"end":{"line":129,"column":73}},"33":{"start":{"line":132,"column":4},"end":{"line":132,"column":40}},"34":{"start":{"line":134,"column":4},"end":{"line":134,"column":72}},"35":{"start":{"line":136,"column":4},"end":{"line":136,"column":30}},"36":{"start":{"line":141,"column":4},"end":{"line":145,"column":7}},"37":{"start":{"line":142,"column":6},"end":{"line":142,"column":49}},"38":{"start":{"line":143,"column":6},"end":{"line":143,"column":22}},"39":{"start":{"line":144,"column":6},"end":{"line":144,"column":27}},"40":{"start":{"line":148,"column":4},"end":{"line":155,"column":7}},"41":{"start":{"line":149,"column":6},"end":{"line":154,"column":9}},"42":{"start":{"line":151,"column":10},"end":{"line":151,"column":97}},"43":{"start":{"line":153,"column":10},"end":{"line":153,"column":37}},"44":{"start":{"line":160,"column":4},"end":{"line":160,"column":49}},"45":{"start":{"line":161,"column":4},"end":{"line":161,"column":20}},"46":{"start":{"line":162,"column":4},"end":{"line":162,"column":20}},"47":{"start":{"line":163,"column":4},"end":{"line":163,"column":24}},"48":{"start":{"line":164,"column":4},"end":{"line":164,"column":33}},"49":{"start":{"line":165,"column":4},"end":{"line":165,"column":35}},"50":{"start":{"line":168,"column":4},"end":{"line":171,"column":7}},"51":{"start":{"line":169,"column":6},"end":{"line":169,"column":35}},"52":{"start":{"line":170,"column":6},"end":{"line":170,"column":106}},"53":{"start":{"line":176,"column":0},"end":{"line":176,"column":48}}},"branchMap":{"1":{"line":21,"type":"if","locations":[{"start":{"line":21,"column":4},"end":{"line":21,"column":4}},{"start":{"line":21,"column":4},"end":{"line":21,"column":4}}]},"2":{"line":42,"type":"if","locations":[{"start":{"line":42,"column":4},"end":{"line":42,"column":4}},{"start":{"line":42,"column":4},"end":{"line":42,"column":4}}]},"3":{"line":63,"type":"if","locations":[{"start":{"line":63,"column":4},"end":{"line":63,"column":4}},{"start":{"line":63,"column":4},"end":{"line":63,"column":4}}]},"4":{"line":84,"type":"if","locations":[{"start":{"line":84,"column":4},"end":{"line":84,"column":4}},{"start":{"line":84,"column":4},"end":{"line":84,"column":4}}]},"5":{"line":107,"type":"if","locations":[{"start":{"line":107,"column":4},"end":{"line":107,"column":4}},{"start":{"line":107,"column":4},"end":{"line":107,"column":4}}]},"6":{"line":114,"type":"if","locations":[{"start":{"line":114,"column":4},"end":{"line":114,"column":4}},{"start":{"line":114,"column":4},"end":{"line":114,"column":4}}]},"7":{"line":120,"type":"if","locations":[{"start":{"line":120,"column":4},"end":{"line":120,"column":4}},{"start":{"line":120,"column":4},"end":{"line":120,"column":4}}]},"8":{"line":125,"type":"if","locations":[{"start":{"line":125,"column":4},"end":{"line":125,"column":4}},{"start":{"line":125,"column":4},"end":{"line":125,"column":4}}]}}}}