{"C:\\Users\\Valentin\\team9-webcomponent\\index.js":{"path":"C:\\Users\\Valentin\\team9-webcomponent\\index.js","s":{"1":1,"2":1,"3":1,"4":0,"5":1,"6":1,"7":1},"b":{},"f":{},"fnMap":{},"statementMap":{"1":{"start":{"line":1,"column":0},"end":{"line":1,"column":35}},"2":{"start":{"line":3,"column":0},"end":{"line":3,"column":22}},"3":{"start":{"line":5,"column":0},"end":{"line":7,"column":3}},"4":{"start":{"line":6,"column":2},"end":{"line":6,"column":29}},"5":{"start":{"line":9,"column":0},"end":{"line":11,"column":3}},"6":{"start":{"line":10,"column":2},"end":{"line":10,"column":42}},"7":{"start":{"line":13,"column":0},"end":{"line":13,"column":24}}},"branchMap":{}}}