TN:
SF:C:\Users\Valentin\team9-webcomponent\web-component\inputBox.js
FN:20,(anonymous_0)
FN:29,(anonymous_1)
FN:43,(anonymous_2)
FN:52,(anonymous_3)
FN:56,(anonymous_4)
FN:71,(anonymous_5)
FN:80,(anonymous_6)
FN:89,(anonymous_7)
FN:98,(anonymous_8)
FN:107,(anonymous_9)
FN:116,(anonymous_10)
FN:125,(anonymous_11)
FN:134,(anonymous_12)
FN:141,(anonymous_13)
FN:146,(anonymous_14)
FN:183,(anonymous_15)
FN:184,(anonymous_16)
FN:197,(anonymous_17)
FN:222,(anonymous_18)
FN:235,(anonymous_19)
FN:245,(anonymous_20)
FNF:21
FNH:21
FNDA:7,(anonymous_0)
FNDA:4,(anonymous_1)
FNDA:8,(anonymous_2)
FNDA:3,(anonymous_3)
FNDA:15,(anonymous_4)
FNDA:8,(anonymous_5)
FNDA:3,(anonymous_6)
FNDA:8,(anonymous_7)
FNDA:3,(anonymous_8)
FNDA:4,(anonymous_9)
FNDA:3,(anonymous_10)
FNDA:9,(anonymous_11)
FNDA:3,(anonymous_12)
FNDA:21,(anonymous_13)
FNDA:7,(anonymous_14)
FNDA:7,(anonymous_15)
FNDA:1,(anonymous_16)
FNDA:7,(anonymous_17)
FNDA:7,(anonymous_18)
FNDA:7,(anonymous_19)
FNDA:7,(anonymous_20)
DA:1,1
DA:21,7
DA:30,4
DA:31,4
DA:32,2
DA:34,2
DA:44,8
DA:53,3
DA:57,15
DA:58,15
DA:59,10
DA:62,5
DA:72,8
DA:81,3
DA:90,8
DA:99,3
DA:108,4
DA:117,3
DA:126,9
DA:135,3
DA:142,21
DA:150,7
DA:152,7
DA:153,7
DA:158,7
DA:159,7
DA:160,7
DA:161,7
DA:162,7
DA:163,7
DA:166,7
DA:169,7
DA:172,7
DA:173,7
DA:180,7
DA:184,7
DA:185,1
DA:186,1
DA:188,1
DA:189,1
DA:190,0
DA:192,1
DA:198,7
DA:199,7
DA:200,1
DA:205,6
DA:209,7
DA:210,1
DA:214,7
DA:215,1
DA:219,7
DA:223,7
DA:224,1
DA:225,1
DA:230,1
DA:231,1
DA:236,7
DA:237,1
DA:238,1
DA:241,6
DA:246,7
DA:247,7
DA:248,7
DA:249,7
DA:250,7
DA:255,1
LF:66
LH:65
BRDA:31,0,0,2
BRDA:31,0,1,2
BRDA:58,1,0,10
BRDA:58,1,1,5
BRDA:185,2,0,1
BRDA:185,2,1,0
BRDA:189,3,0,0
BRDA:189,3,1,1
BRDA:199,4,0,1
BRDA:199,4,1,6
BRDA:209,5,0,1
BRDA:209,5,1,6
BRDA:214,6,0,1
BRDA:214,6,1,6
BRDA:223,7,0,1
BRDA:223,7,1,6
BRDA:236,8,0,1
BRDA:236,8,1,6
BRDA:236,9,0,7
BRDA:236,9,1,1
BRF:20
BRH:18
end_of_record
TN:
SF:C:\Users\Valentin\team9-webcomponent\web-component\outputStream.js
FN:11,(anonymous_0)
FN:20,(anonymous_1)
FN:32,(anonymous_2)
FN:41,(anonymous_3)
FN:49,(anonymous_4)
FN:57,(anonymous_5)
FN:82,(anonymous_6)
FN:93,(anonymous_7)
FN:109,(anonymous_8)
FNF:9
FNH:9
FNDA:9,(anonymous_0)
FNDA:4,(anonymous_1)
FNDA:5,(anonymous_2)
FNDA:5,(anonymous_3)
FNDA:9,(anonymous_4)
FNDA:5,(anonymous_5)
FNDA:5,(anonymous_6)
FNDA:5,(anonymous_7)
FNDA:1,(anonymous_8)
DA:12,9
DA:21,4
DA:22,3
DA:24,1
DA:33,5
DA:42,5
DA:50,9
DA:59,5
DA:64,5
DA:65,5
DA:67,5
DA:68,5
DA:69,5
DA:70,5
DA:73,5
DA:74,5
DA:75,5
DA:76,5
DA:77,5
DA:78,5
DA:80,5
DA:82,5
DA:83,5
DA:84,5
DA:85,0
DA:86,0
DA:90,5
DA:94,5
DA:95,2
DA:96,2
DA:99,3
DA:110,1
DA:111,1
DA:113,1
DA:118,1
DA:120,1
LF:36
LH:34
BRDA:21,0,0,3
BRDA:21,0,1,1
BRDA:84,1,0,0
BRDA:84,1,1,5
BRDA:94,2,0,2
BRDA:94,2,1,3
BRF:6
BRH:5
end_of_record
