TN:
SF:/Users/kaungyang/cse112_proj/team9-webcomponent/web-component/inputRT.js
FN:2,(anonymous_0)
FN:45,(anonymous_1)
FN:49,(anonymous_2)
FN:73,(anonymous_3)
FN:82,(anonymous_4)
FN:89,(anonymous_5)
FN:107,(anonymous_6)
FN:116,(anonymous_7)
FN:123,(anonymous_8)
FN:140,(anonymous_9)
FN:149,(anonymous_10)
FN:156,(anonymous_11)
FN:171,(anonymous_12)
FN:180,(anonymous_13)
FN:199,(anonymous_14)
FN:234,(anonymous_15)
FN:256,(anonymous_16)
FN:265,(anonymous_17)
FN:272,(anonymous_18)
FN:286,(anonymous_19)
FN:295,(anonymous_20)
FN:302,(anonymous_21)
FN:319,(anonymous_22)
FN:329,(anonymous_23)
FN:338,(anonymous_24)
FN:348,(anonymous_25)
FN:366,(anonymous_26)
FN:371,(anonymous_27)
FN:379,(anonymous_28)
FN:384,(anonymous_29)
FN:398,(anonymous_30)
FN:427,(anonymous_31)
FN:442,(anonymous_32)
FN:468,(anonymous_33)
FN:483,(anonymous_34)
FN:491,(anonymous_35)
FNF:36
FNH:36
FNDA:1,(anonymous_0)
FNDA:1,(anonymous_1)
FNDA:41,(anonymous_2)
FNDA:4,(anonymous_3)
FNDA:3,(anonymous_4)
FNDA:76,(anonymous_5)
FNDA:81,(anonymous_6)
FNDA:7,(anonymous_7)
FNDA:81,(anonymous_8)
FNDA:78,(anonymous_9)
FNDA:5,(anonymous_10)
FNDA:152,(anonymous_11)
FNDA:347,(anonymous_12)
FNDA:8,(anonymous_13)
FNDA:76,(anonymous_14)
FNDA:32,(anonymous_15)
FNDA:76,(anonymous_16)
FNDA:5,(anonymous_17)
FNDA:76,(anonymous_18)
FNDA:78,(anonymous_19)
FNDA:5,(anonymous_20)
FNDA:76,(anonymous_21)
FNDA:78,(anonymous_22)
FNDA:3,(anonymous_23)
FNDA:79,(anonymous_24)
FNDA:5,(anonymous_25)
FNDA:46,(anonymous_26)
FNDA:31,(anonymous_27)
FNDA:1,(anonymous_28)
FNDA:8,(anonymous_29)
FNDA:76,(anonymous_30)
FNDA:3,(anonymous_31)
FNDA:237,(anonymous_32)
FNDA:3,(anonymous_33)
FNDA:1,(anonymous_34)
FNDA:2,(anonymous_35)
DA:2,1
DA:7,1
DA:15,1
DA:34,1
DA:35,1
DA:46,1
DA:50,41
DA:51,41
DA:54,12
DA:55,12
DA:57,29
DA:58,29
DA:60,41
DA:61,32
DA:64,9
DA:74,4
DA:83,3
DA:90,76
DA:91,76
DA:92,76
DA:93,76
DA:94,1
DA:95,1
DA:97,75
DA:99,76
DA:108,81
DA:117,7
DA:124,81
DA:125,5
DA:126,5
DA:127,5
DA:129,5
DA:130,5
DA:131,5
DA:141,78
DA:150,5
DA:157,152
DA:158,6
DA:159,6
DA:161,4
DA:172,347
DA:181,8
DA:200,76
DA:204,4
DA:206,4
DA:207,4
DA:209,4
DA:210,4
DA:211,4
DA:215,68
DA:216,68
DA:217,68
DA:218,68
DA:235,32
DA:237,7
DA:238,6
DA:239,6
DA:242,1
DA:243,1
DA:245,7
DA:247,25
DA:257,76
DA:266,5
DA:273,76
DA:274,2
DA:275,2
DA:276,1
DA:287,78
DA:296,5
DA:303,76
DA:304,76
DA:305,2
DA:307,76
DA:309,72
DA:320,78
DA:330,3
DA:339,79
DA:349,5
DA:367,46
DA:368,46
DA:372,31
DA:373,30
DA:376,31
DA:381,1
DA:385,8
DA:387,8
DA:388,6
DA:389,5
DA:392,2
DA:394,8
DA:400,76
DA:401,76
DA:402,76
DA:404,76
DA:405,76
DA:408,76
DA:409,76
DA:410,76
DA:411,76
DA:414,76
DA:415,76
DA:416,76
DA:417,76
DA:418,76
DA:419,76
DA:420,76
DA:428,3
DA:429,3
DA:431,3
DA:432,3
DA:433,2
DA:443,237
DA:444,237
DA:447,6
DA:449,13
DA:450,13
DA:453,218
DA:454,218
DA:456,237
DA:469,3
DA:471,3
DA:473,3
DA:474,3
DA:485,1
DA:486,1
DA:487,1
DA:492,2
DA:494,1
DA:495,1
DA:497,1
DA:501,1
LF:131
LH:131
BRDA:51,0,0,7
BRDA:51,0,1,12
BRDA:51,0,2,29
BRDA:60,1,0,32
BRDA:60,1,1,9
BRDA:93,2,0,1
BRDA:93,2,1,75
BRDA:93,3,0,76
BRDA:93,3,1,1
BRDA:124,4,0,5
BRDA:124,4,1,76
BRDA:157,5,0,6
BRDA:157,5,1,146
BRDA:159,6,0,4
BRDA:159,6,1,2
BRDA:200,7,0,4
BRDA:200,7,1,4
BRDA:200,7,2,6
BRDA:200,7,3,68
BRDA:235,8,0,7
BRDA:235,8,1,25
BRDA:237,9,0,6
BRDA:237,9,1,1
BRDA:273,10,0,2
BRDA:273,10,1,74
BRDA:275,11,0,1
BRDA:275,11,1,1
BRDA:275,12,0,2
BRDA:275,12,1,2
BRDA:304,13,0,2
BRDA:304,13,1,74
BRDA:304,14,0,76
BRDA:304,14,1,3
BRDA:304,14,2,2
BRDA:307,15,0,72
BRDA:307,15,1,4
BRDA:372,16,0,30
BRDA:372,16,1,1
BRDA:385,17,0,8
BRDA:387,18,0,6
BRDA:387,18,1,2
BRDA:388,19,0,5
BRDA:388,19,1,1
BRDA:432,20,0,2
BRDA:432,20,1,1
BRDA:444,21,0,6
BRDA:444,21,1,13
BRDA:444,21,2,18
BRDA:444,21,3,218
BRDA:492,22,0,1
BRDA:492,22,1,1
BRF:51
BRH:51
end_of_record
